# JRE version: OpenJDK Runtime Environment Temurin-17.0.13+11 (17.0.13+11) (build 17.0.13+11)
# Java VM: OpenJDK 64-Bit Server VM Temurin-17.0.13+11 (17.0.13+11, mixed mode, tiered, compressed oops, compressed class ptrs, parallel gc, windows-amd64)
GC Precious Log:
 CPUs: 4 total, 4 available
 Memory: 16285M
 Large Page Support: Disabled
 NUMA Support: Disabled
 Compressed Oops: Enabled (32-bit)
 Alignments: Space 512K, Generation 512K, Heap 2M
 Heap Min Capacity: 100M
 Heap Initial Capacity: 100M
 Heap Max Capacity: 1G
 Pre-touch: Disabled
 Parallel Workers: 4
Heap:
 PSYoungGen      total 18432K, used 11178K [0x00000000eab00000, 0x00000000ebf00000, 0x0000000100000000)
  eden space 16384K, 55% used [0x00000000eab00000,0x00000000eb3f4ee8,0x00000000ebb00000)
  from space 2048K, 97% used [0x00000000ebb00000,0x00000000ebcf5980,0x00000000ebd00000)
  to   space 2048K, 0% used [0x00000000ebd00000,0x00000000ebd00000,0x00000000ebf00000)
 ParOldGen       total 68608K, used 43821K [0x00000000c0000000, 0x00000000c4300000, 0x00000000eab00000)
  object space 68608K, 63% used [0x00000000c0000000,0x00000000c2acb728,0x00000000c4300000)
 Metaspace       used 52746K, committed 53632K, reserved 1114112K
  class space    used 5203K, committed 5632K, reserved 1048576K
GC Heap History (20 events):
Event: 51.080 GC heap before
{Heap before GC invocations=22 (full 2):
 PSYoungGen      total 19456K, used 19423K [0x00000000eab00000, 0x00000000ec300000, 0x0000000100000000)
  eden space 17920K, 100% used [0x00000000eab00000,0x00000000ebc80000,0x00000000ebc80000)
  from space 1536K, 97% used [0x00000000ebc80000,0x00000000ebdf7d10,0x00000000ebe00000)
  to   space 3072K, 0% used [0x00000000ec000000,0x00000000ec000000,0x00000000ec300000)
 ParOldGen       total 68608K, used 31834K [0x00000000c0000000, 0x00000000c4300000, 0x00000000eab00000)
  object space 68608K, 46% used [0x00000000c0000000,0x00000000c1f169a8,0x00000000c4300000)
 Metaspace       used 44773K, committed 45632K, reserved 1114112K
  class space    used 4536K, committed 4928K, reserved 1048576K
}
Event: 51.082 GC heap after
{Heap after GC invocations=22 (full 2):
 PSYoungGen      total 18944K, used 839K [0x00000000eab00000, 0x00000000ec100000, 0x0000000100000000)
  eden space 17920K, 0% used [0x00000000eab00000,0x00000000eab00000,0x00000000ebc80000)
  from space 1024K, 81% used [0x00000000ec000000,0x00000000ec0d1dd0,0x00000000ec100000)
  to   space 1536K, 0% used [0x00000000ebe00000,0x00000000ebe00000,0x00000000ebf80000)
 ParOldGen       total 68608K, used 32333K [0x00000000c0000000, 0x00000000c4300000, 0x00000000eab00000)
  object space 68608K, 47% used [0x00000000c0000000,0x00000000c1f936b8,0x00000000c4300000)
 Metaspace       used 44773K, committed 45632K, reserved 1114112K
  class space    used 4536K, committed 4928K, reserved 1048576K
}
Event: 52.148 GC heap before
{Heap before GC invocations=23 (full 2):
 PSYoungGen      total 18944K, used 18759K [0x00000000eab00000, 0x00000000ec100000, 0x0000000100000000)
  eden space 17920K, 100% used [0x00000000eab00000,0x00000000ebc80000,0x00000000ebc80000)
  from space 1024K, 81% used [0x00000000ec000000,0x00000000ec0d1dd0,0x00000000ec100000)
  to   space 1536K, 0% used [0x00000000ebe00000,0x00000000ebe00000,0x00000000ebf80000)
 ParOldGen       total 68608K, used 32333K [0x00000000c0000000, 0x00000000c4300000, 0x00000000eab00000)
  object space 68608K, 47% used [0x00000000c0000000,0x00000000c1f936b8,0x00000000c4300000)
 Metaspace       used 46960K, committed 47808K, reserved 1114112K
  class space    used 4742K, committed 5120K, reserved 1048576K
}
Event: 52.150 GC heap after
{Heap after GC invocations=23 (full 2):
 PSYoungGen      total 19456K, used 608K [0x00000000eab00000, 0x00000000ec080000, 0x0000000100000000)
  eden space 17920K, 0% used [0x00000000eab00000,0x00000000eab00000,0x00000000ebc80000)
  from space 1536K, 39% used [0x00000000ebe00000,0x00000000ebe98000,0x00000000ebf80000)
  to   space 1024K, 0% used [0x00000000ebf80000,0x00000000ebf80000,0x00000000ec080000)
 ParOldGen       total 68608K, used 32349K [0x00000000c0000000, 0x00000000c4300000, 0x00000000eab00000)
  object space 68608K, 47% used [0x00000000c0000000,0x00000000c1f976b8,0x00000000c4300000)
 Metaspace       used 46960K, committed 47808K, reserved 1114112K
  class space    used 4742K, committed 5120K, reserved 1048576K
}
Event: 53.050 GC heap before
{Heap before GC invocations=24 (full 2):
 PSYoungGen      total 19456K, used 18528K [0x00000000eab00000, 0x00000000ec080000, 0x0000000100000000)
  eden space 17920K, 100% used [0x00000000eab00000,0x00000000ebc80000,0x00000000ebc80000)
  from space 1536K, 39% used [0x00000000ebe00000,0x00000000ebe98000,0x00000000ebf80000)
  to   space 1024K, 0% used [0x00000000ebf80000,0x00000000ebf80000,0x00000000ec080000)
 ParOldGen       total 68608K, used 32349K [0x00000000c0000000, 0x00000000c4300000, 0x00000000eab00000)
  object space 68608K, 47% used [0x00000000c0000000,0x00000000c1f976b8,0x00000000c4300000)
 Metaspace       used 48317K, committed 49152K, reserved 1114112K
  class space    used 4895K, committed 5312K, reserved 1048576K
}
Event: 53.053 GC heap after
{Heap after GC invocations=24 (full 2):
 PSYoungGen      total 18944K, used 1017K [0x00000000eab00000, 0x00000000ec180000, 0x0000000100000000)
  eden space 17920K, 0% used [0x00000000eab00000,0x00000000eab00000,0x00000000ebc80000)
  from space 1024K, 99% used [0x00000000ebf80000,0x00000000ec07e470,0x00000000ec080000)
  to   space 2560K, 0% used [0x00000000ebc80000,0x00000000ebc80000,0x00000000ebf00000)
 ParOldGen       total 68608K, used 33516K [0x00000000c0000000, 0x00000000c4300000, 0x00000000eab00000)
  object space 68608K, 48% used [0x00000000c0000000,0x00000000c20bb0e8,0x00000000c4300000)
 Metaspace       used 48317K, committed 49152K, reserved 1114112K
  class space    used 4895K, committed 5312K, reserved 1048576K
}
Event: 53.734 GC heap before
{Heap before GC invocations=25 (full 2):
 PSYoungGen      total 18944K, used 18937K [0x00000000eab00000, 0x00000000ec180000, 0x0000000100000000)
  eden space 17920K, 100% used [0x00000000eab00000,0x00000000ebc80000,0x00000000ebc80000)
  from space 1024K, 99% used [0x00000000ebf80000,0x00000000ec07e470,0x00000000ec080000)
  to   space 2560K, 0% used [0x00000000ebc80000,0x00000000ebc80000,0x00000000ebf00000)
 ParOldGen       total 68608K, used 33516K [0x00000000c0000000, 0x00000000c4300000, 0x00000000eab00000)
  object space 68608K, 48% used [0x00000000c0000000,0x00000000c20bb0e8,0x00000000c4300000)
 Metaspace       used 49421K, committed 50304K, reserved 1114112K
  class space    used 5012K, committed 5440K, reserved 1048576K
}
Event: 53.738 GC heap after
{Heap after GC invocations=25 (full 2):
 PSYoungGen      total 20480K, used 2517K [0x00000000eab00000, 0x00000000ec280000, 0x0000000100000000)
  eden space 17920K, 0% used [0x00000000eab00000,0x00000000eab00000,0x00000000ebc80000)
  from space 2560K, 98% used [0x00000000ebc80000,0x00000000ebef5458,0x00000000ebf00000)
  to   space 3072K, 0% used [0x00000000ebf80000,0x00000000ebf80000,0x00000000ec280000)
 ParOldGen       total 68608K, used 34338K [0x00000000c0000000, 0x00000000c4300000, 0x00000000eab00000)
  object space 68608K, 50% used [0x00000000c0000000,0x00000000c2188b50,0x00000000c4300000)
 Metaspace       used 49421K, committed 50304K, reserved 1114112K
  class space    used 5012K, committed 5440K, reserved 1048576K
}
Event: 54.367 GC heap before
{Heap before GC invocations=26 (full 2):
 PSYoungGen      total 20480K, used 20437K [0x00000000eab00000, 0x00000000ec280000, 0x0000000100000000)
  eden space 17920K, 100% used [0x00000000eab00000,0x00000000ebc80000,0x00000000ebc80000)
  from space 2560K, 98% used [0x00000000ebc80000,0x00000000ebef5458,0x00000000ebf00000)
  to   space 3072K, 0% used [0x00000000ebf80000,0x00000000ebf80000,0x00000000ec280000)
 ParOldGen       total 68608K, used 34338K [0x00000000c0000000, 0x00000000c4300000, 0x00000000eab00000)
  object space 68608K, 50% used [0x00000000c0000000,0x00000000c2188b50,0x00000000c4300000)
 Metaspace       used 49747K, committed 50624K, reserved 1114112K
  class space    used 5038K, committed 5440K, reserved 1048576K
}
Event: 54.370 GC heap after
{Heap after GC invocations=26 (full 2):
 PSYoungGen      total 19456K, used 1088K [0x00000000eab00000, 0x00000000ec100000, 0x0000000100000000)
  eden space 17920K, 0% used [0x00000000eab00000,0x00000000eab00000,0x00000000ebc80000)
  from space 1536K, 70% used [0x00000000ebf80000,0x00000000ec090000,0x00000000ec100000)
  to   space 2048K, 0% used [0x00000000ebd00000,0x00000000ebd00000,0x00000000ebf00000)
 ParOldGen       total 68608K, used 36504K [0x00000000c0000000, 0x00000000c4300000, 0x00000000eab00000)
  object space 68608K, 53% used [0x00000000c0000000,0x00000000c23a61f8,0x00000000c4300000)
 Metaspace       used 49747K, committed 50624K, reserved 1114112K
  class space    used 5038K, committed 5440K, reserved 1048576K
}
Event: 54.553 GC heap before
{Heap before GC invocations=27 (full 2):
 PSYoungGen      total 19456K, used 19008K [0x00000000eab00000, 0x00000000ec100000, 0x0000000100000000)
  eden space 17920K, 100% used [0x00000000eab00000,0x00000000ebc80000,0x00000000ebc80000)
  from space 1536K, 70% used [0x00000000ebf80000,0x00000000ec090000,0x00000000ec100000)
  to   space 2048K, 0% used [0x00000000ebd00000,0x00000000ebd00000,0x00000000ebf00000)
 ParOldGen       total 68608K, used 36504K [0x00000000c0000000, 0x00000000c4300000, 0x00000000eab00000)
  object space 68608K, 53% used [0x00000000c0000000,0x00000000c23a61f8,0x00000000c4300000)
 Metaspace       used 49881K, committed 50816K, reserved 1114112K
  class space    used 5048K, committed 5504K, reserved 1048576K
}
Event: 54.556 GC heap after
{Heap after GC invocations=27 (full 2):
 PSYoungGen      total 19456K, used 1088K [0x00000000eab00000, 0x00000000ec000000, 0x0000000100000000)
  eden space 17920K, 0% used [0x00000000eab00000,0x00000000eab00000,0x00000000ebc80000)
  from space 1536K, 70% used [0x00000000ebd00000,0x00000000ebe10020,0x00000000ebe80000)
  to   space 1536K, 0% used [0x00000000ebe80000,0x00000000ebe80000,0x00000000ec000000)
 ParOldGen       total 68608K, used 37360K [0x00000000c0000000, 0x00000000c4300000, 0x00000000eab00000)
  object space 68608K, 54% used [0x00000000c0000000,0x00000000c247c268,0x00000000c4300000)
 Metaspace       used 49881K, committed 50816K, reserved 1114112K
  class space    used 5048K, committed 5504K, reserved 1048576K
}
Event: 55.241 GC heap before
{Heap before GC invocations=28 (full 2):
 PSYoungGen      total 19456K, used 19008K [0x00000000eab00000, 0x00000000ec000000, 0x0000000100000000)
  eden space 17920K, 100% used [0x00000000eab00000,0x00000000ebc80000,0x00000000ebc80000)
  from space 1536K, 70% used [0x00000000ebd00000,0x00000000ebe10020,0x00000000ebe80000)
  to   space 1536K, 0% used [0x00000000ebe80000,0x00000000ebe80000,0x00000000ec000000)
 ParOldGen       total 68608K, used 37360K [0x00000000c0000000, 0x00000000c4300000, 0x00000000eab00000)
  object space 68608K, 54% used [0x00000000c0000000,0x00000000c247c268,0x00000000c4300000)
 Metaspace       used 50410K, committed 51328K, reserved 1114112K
  class space    used 5080K, committed 5504K, reserved 1048576K
}
Event: 55.248 GC heap after
{Heap after GC invocations=28 (full 2):
 PSYoungGen      total 17920K, used 1518K [0x00000000eab00000, 0x00000000ec380000, 0x0000000100000000)
  eden space 16384K, 0% used [0x00000000eab00000,0x00000000eab00000,0x00000000ebb00000)
  from space 1536K, 98% used [0x00000000ebe80000,0x00000000ebffba40,0x00000000ec000000)
  to   space 3584K, 0% used [0x00000000ebb00000,0x00000000ebb00000,0x00000000ebe80000)
 ParOldGen       total 68608K, used 38753K [0x00000000c0000000, 0x00000000c4300000, 0x00000000eab00000)
  object space 68608K, 56% used [0x00000000c0000000,0x00000000c25d8788,0x00000000c4300000)
 Metaspace       used 50410K, committed 51328K, reserved 1114112K
  class space    used 5080K, committed 5504K, reserved 1048576K
}
Event: 56.518 GC heap before
{Heap before GC invocations=29 (full 2):
 PSYoungGen      total 17920K, used 17902K [0x00000000eab00000, 0x00000000ec380000, 0x0000000100000000)
  eden space 16384K, 100% used [0x00000000eab00000,0x00000000ebb00000,0x00000000ebb00000)
  from space 1536K, 98% used [0x00000000ebe80000,0x00000000ebffba40,0x00000000ec000000)
  to   space 3584K, 0% used [0x00000000ebb00000,0x00000000ebb00000,0x00000000ebe80000)
 ParOldGen       total 68608K, used 38753K [0x00000000c0000000, 0x00000000c4300000, 0x00000000eab00000)
  object space 68608K, 56% used [0x00000000c0000000,0x00000000c25d8788,0x00000000c4300000)
 Metaspace       used 51355K, committed 52224K, reserved 1114112K
  class space    used 5157K, committed 5568K, reserved 1048576K
}
Event: 56.522 GC heap after
{Heap after GC invocations=29 (full 2):
 PSYoungGen      total 18432K, used 1934K [0x00000000eab00000, 0x00000000ec000000, 0x0000000100000000)
  eden space 16384K, 0% used [0x00000000eab00000,0x00000000eab00000,0x00000000ebb00000)
  from space 2048K, 94% used [0x00000000ebb00000,0x00000000ebce3908,0x00000000ebd00000)
  to   space 2560K, 0% used [0x00000000ebd80000,0x00000000ebd80000,0x00000000ec000000)
 ParOldGen       total 68608K, used 40275K [0x00000000c0000000, 0x00000000c4300000, 0x00000000eab00000)
  object space 68608K, 58% used [0x00000000c0000000,0x00000000c2754c30,0x00000000c4300000)
 Metaspace       used 51355K, committed 52224K, reserved 1114112K
  class space    used 5157K, committed 5568K, reserved 1048576K
}
Event: 57.587 GC heap before
{Heap before GC invocations=30 (full 2):
 PSYoungGen      total 18432K, used 18318K [0x00000000eab00000, 0x00000000ec000000, 0x0000000100000000)
  eden space 16384K, 100% used [0x00000000eab00000,0x00000000ebb00000,0x00000000ebb00000)
  from space 2048K, 94% used [0x00000000ebb00000,0x00000000ebce3908,0x00000000ebd00000)
  to   space 2560K, 0% used [0x00000000ebd80000,0x00000000ebd80000,0x00000000ec000000)
 ParOldGen       total 68608K, used 40275K [0x00000000c0000000, 0x00000000c4300000, 0x00000000eab00000)
  object space 68608K, 58% used [0x00000000c0000000,0x00000000c2754c30,0x00000000c4300000)
 Metaspace       used 51930K, committed 52864K, reserved 1114112K
  class space    used 5168K, committed 5632K, reserved 1048576K
}
Event: 57.593 GC heap after
{Heap after GC invocations=30 (full 2):
 PSYoungGen      total 18432K, used 1856K [0x00000000eab00000, 0x00000000ebf80000, 0x0000000100000000)
  eden space 16384K, 0% used [0x00000000eab00000,0x00000000eab00000,0x00000000ebb00000)
  from space 2048K, 90% used [0x00000000ebd80000,0x00000000ebf50000,0x00000000ebf80000)
  to   space 2048K, 0% used [0x00000000ebb00000,0x00000000ebb00000,0x00000000ebd00000)
 ParOldGen       total 68608K, used 42056K [0x00000000c0000000, 0x00000000c4300000, 0x00000000eab00000)
  object space 68608K, 61% used [0x00000000c0000000,0x00000000c2912320,0x00000000c4300000)
 Metaspace       used 51930K, committed 52864K, reserved 1114112K
  class space    used 5168K, committed 5632K, reserved 1048576K
}
Event: 58.938 GC heap before
{Heap before GC invocations=31 (full 2):
 PSYoungGen      total 18432K, used 18240K [0x00000000eab00000, 0x00000000ebf80000, 0x0000000100000000)
  eden space 16384K, 100% used [0x00000000eab00000,0x00000000ebb00000,0x00000000ebb00000)
  from space 2048K, 90% used [0x00000000ebd80000,0x00000000ebf50000,0x00000000ebf80000)
  to   space 2048K, 0% used [0x00000000ebb00000,0x00000000ebb00000,0x00000000ebd00000)
 ParOldGen       total 68608K, used 42056K [0x00000000c0000000, 0x00000000c4300000, 0x00000000eab00000)
  object space 68608K, 61% used [0x00000000c0000000,0x00000000c2912320,0x00000000c4300000)
 Metaspace       used 52377K, committed 53248K, reserved 1114112K
  class space    used 5180K, committed 5632K, reserved 1048576K
}
Event: 58.942 GC heap after
{Heap after GC invocations=31 (full 2):
 PSYoungGen      total 18432K, used 2006K [0x00000000eab00000, 0x00000000ebf00000, 0x0000000100000000)
  eden space 16384K, 0% used [0x00000000eab00000,0x00000000eab00000,0x00000000ebb00000)
  from space 2048K, 97% used [0x00000000ebb00000,0x00000000ebcf5980,0x00000000ebd00000)
  to   space 2048K, 0% used [0x00000000ebd00000,0x00000000ebd00000,0x00000000ebf00000)
 ParOldGen       total 68608K, used 43821K [0x00000000c0000000, 0x00000000c4300000, 0x00000000eab00000)
  object space 68608K, 63% used [0x00000000c0000000,0x00000000c2acb728,0x00000000c4300000)
 Metaspace       used 52377K, committed 53248K, reserved 1114112K
  class space    used 5180K, committed 5632K, reserved 1048576K
}

